<?xml version="1.0" encoding="UTF-8"?>
<!-- Generated by org.testng.reporters.JUnitReportReporter -->
<testsuite skipped="0" hostname="SAMSISTERS" name="testscripts.DriverSettings" tests="1" failures="0" timestamp="19 Apr 2018 05:00:15 GMT" time="37.424" errors="0">
  <testcase name="IntialDriver" time="37.424" classname="testscripts.DriverSettings"/>
</testsuite> <!-- testscripts.DriverSettings -->
